2025-09-06 22:29:10.563 DEBUG 32428 --- [http-nio-8081-exec-4] org.hibernate.SQL                        : 
    select
        user0_.id as id1_0_,
        user0_.create_date as create_d2_0_,
        user0_.nickname as nickname3_0_,
        user0_.password as password4_0_,
        user0_.update_date as update_d5_0_,
        user0_.username as username6_0_ 
    from
        user_rw user0_ 
    where
        user0_.username=?
2025-09-06 22:29:10.706 TRACE 32428 --- [http-nio-8081-exec-4] o.h.type.descriptor.sql.BasicBinder      : binding parameter [1] as [VARCHAR] - [0002]
2025-09-06 22:29:11.087 DEBUG 32428 --- [http-nio-8081-exec-4] org.hibernate.SQL                        : 
    update
        user_rw 
    set
        create_date=?,
        nickname=?,
        password=?,
        update_date=?,
        username=? 
    where
        id=?
2025-09-06 22:29:11.089 TRACE 32428 --- [http-nio-8081-exec-4] o.h.type.descriptor.sql.BasicBinder      : binding parameter [1] as [TIMESTAMP] - [2025-09-06T22:10:20.509235]
2025-09-06 22:29:11.090 TRACE 32428 --- [http-nio-8081-exec-4] o.h.type.descriptor.sql.BasicBinder      : binding parameter [2] as [VARCHAR] - [rongwen]
2025-09-06 22:29:11.090 TRACE 32428 --- [http-nio-8081-exec-4] o.h.type.descriptor.sql.BasicBinder      : binding parameter [3] as [VARCHAR] - [$2a$10$P192sSNUb8uFO9OAiUGTBea1mjf5ZQyX6icfmC.aj/gZu9AK5oFd2]
2025-09-06 22:29:11.092 TRACE 32428 --- [http-nio-8081-exec-4] o.h.type.descriptor.sql.BasicBinder      : binding parameter [4] as [TIMESTAMP] - [2025-09-06T22:29:10.932514]
2025-09-06 22:29:11.092 TRACE 32428 --- [http-nio-8081-exec-4] o.h.type.descriptor.sql.BasicBinder      : binding parameter [5] as [VARCHAR] - [0002]
2025-09-06 22:29:11.093 TRACE 32428 --- [http-nio-8081-exec-4] o.h.type.descriptor.sql.BasicBinder      : binding parameter [6] as [BIGINT] - [2]
2025-09-06 22:29:45.085  WARN 32428 --- [Thread-4] c.a.nacos.common.notify.NotifyCenter     : [NotifyCenter] Start destroying Publisher
2025-09-06 22:29:45.085  WARN 32428 --- [Thread-7] c.a.n.common.http.HttpClientBeanHolder   : [HttpClientBeanHolder] Start destroying common HttpClient
2025-09-06 22:29:45.086  WARN 32428 --- [Thread-4] c.a.nacos.common.notify.NotifyCenter     : [NotifyCenter] Destruction of the end
2025-09-06 22:29:45.087  WARN 32428 --- [Thread-7] c.a.n.common.http.HttpClientBeanHolder   : [HttpClientBeanHolder] Destruction of the end
2025-09-06 22:29:45.107  INFO 32428 --- [SpringApplicationShutdownHook] c.a.c.n.registry.NacosServiceRegistry    : De-registering from Nacos Server now...
2025-09-06 22:29:45.640  INFO 32428 --- [SpringApplicationShutdownHook] c.a.c.n.registry.NacosServiceRegistry    : De-registration finished.
2025-09-06 22:29:45.649  INFO 32428 --- [SpringApplicationShutdownHook] j.LocalContainerEntityManagerFactoryBean : Closing JPA EntityManagerFactory for persistence unit 'default'
2025-09-06 22:29:45.651  INFO 32428 --- [SpringApplicationShutdownHook] com.zaxxer.hikari.HikariDataSource       : HikariPool-1 - Shutdown initiated...
2025-09-06 22:29:47.140  INFO 32428 --- [SpringApplicationShutdownHook] com.zaxxer.hikari.HikariDataSource       : HikariPool-1 - Shutdown completed.
